<?xml version="1.0" encoding="UTF-8"?>
<testng-results skipped="0" failed="0" ignored="0" total="1" passed="1">
  <reporter-output>
  </reporter-output>
  <suite name="Surefire suite" duration-ms="19" started-at="2019-12-26T07:03:43Z" finished-at="2019-12-26T07:03:43Z">
    <groups>
    </groups>
    <test name="Surefire test" duration-ms="19" started-at="2019-12-26T07:03:43Z" finished-at="2019-12-26T07:03:43Z">
      <class name="Maven.TestNG.AppTest">
        <test-method status="PASS" signature="shouldAnswerWithTrue()[pri:0, instance:Maven.TestNG.AppTest@6aaa5eb0]" name="shouldAnswerWithTrue" duration-ms="4" started-at="2019-12-26T07:03:43Z" finished-at="2019-12-26T07:03:43Z">
          <reporter-output>
          </reporter-output>
        </test-method> <!-- shouldAnswerWithTrue -->
      </class> <!-- Maven.TestNG.AppTest -->
    </test> <!-- Surefire test -->
  </suite> <!-- Surefire suite -->
</testng-results>
