<?xml version="1.0" encoding="UTF-8"?>
<testng-results skipped="0" failed="0" ignored="0" total="1" passed="1">
  <reporter-output>
  </reporter-output>
  <suite name="Main Test Suite" duration-ms="21" started-at="2019-12-26T06:57:47Z" finished-at="2019-12-26T06:57:47Z">
    <groups>
    </groups>
    <test name="Grid firefox Test" duration-ms="21" started-at="2019-12-26T06:57:47Z" finished-at="2019-12-26T06:57:47Z">
      <class name="Maven.TestNG.AppTest">
        <test-method status="PASS" signature="shouldAnswerWithTrue()[pri:0, instance:Maven.TestNG.AppTest@457e2f02]" name="shouldAnswerWithTrue" duration-ms="6" started-at="2019-12-26T06:57:47Z" finished-at="2019-12-26T06:57:47Z">
          <reporter-output>
          </reporter-output>
        </test-method> <!-- shouldAnswerWithTrue -->
      </class> <!-- Maven.TestNG.AppTest -->
    </test> <!-- Grid firefox Test -->
  </suite> <!-- Main Test Suite -->
</testng-results>
